        -:    0:Source:tests/cuddle_help/find_column.c
        -:    0:Graph:./unit_tests-find_column.gcno
        -:    0:Data:./unit_tests-find_column.gcda
        -:    0:Runs:0
        -:    0:Source is newer than graph
        -:    1:/*
        -:    2:** EPITECH PROJECT, 2023
        -:    3:** find_column.c
        -:    4:** File description:
        -:    5:** test each functions of the find_column function.
        -:    6:*/
        -:    7:
        -:    8:#include "criterion/criterion.h"
        -:    9:#include "criterion/redirect.h"
        -:   10:#include "../../include/header_cuddle.h"
        -:   11:
        -:   12://*******************************
        -:   13:// ---- FIND_COLUMN FUNCTION ----
        -:   14://*******************************
        -:   15:
    #####:   16:Test(find_column, full_covr, .init = cr_redirect_stdout)
        -:   17:{
    #####:   18:    dataframe_t *dataframe = malloc(sizeof(dataframe_t) * 1);
    #####:   19:    int value = 0;
        -:   20:
    #####:   21:    if (dataframe == NULL)
    #####:   22:        return;
    #####:   23:    dataframe->nb_columns = 2;
    #####:   24:    dataframe->column_names = malloc(sizeof(char *) * 3);
    #####:   25:    if (dataframe->column_names == NULL)
    #####:   26:        return;
    #####:   27:    dataframe->column_names[0] = my_strdup("name");
    #####:   28:    dataframe->column_names[1] = my_strdup("age");
    #####:   29:    dataframe->column_names[2] = NULL;
    #####:   30:    value = find_column(dataframe, "age");
    #####:   31:    mini_printf("%d\n", value);
    #####:   32:    cr_assert_stdout_eq_str("1\n");
        -:   33:}
        -:   34:
        -:   35:Test(find_column_error, full_covr, .init = cr_redirect_stdout)
        -:   36:{
        -:   37:    int value = 0;
        -:   38:
        -:   39:    value = find_column(NULL, NULL);
        -:   40:    mini_printf("%d\n", value);
        -:   41:    cr_assert_stdout_eq_str("-1\n");
        -:   42:}
        -:   43:
